z:\cpp_cw2016\cpp_cw2016\debug\courseworkbase.bsc
z:\cpp_cw2016\cpp_cw2016\debug\vc120.pdb
z:\cpp_cw2016\cpp_cw2016\debug\vc120.idb
z:\cpp_cw2016\cpp_cw2016\debug\demoamain.sbr
z:\cpp_cw2016\cpp_cw2016\debug\demobobject.sbr
z:\cpp_cw2016\cpp_cw2016\debug\psybd1engine.sbr
z:\cpp_cw2016\cpp_cw2016\debug\role.sbr
z:\cpp_cw2016\cpp_cw2016\debug\baseengine.sbr
z:\cpp_cw2016\cpp_cw2016\debug\displayableobject.sbr
z:\cpp_cw2016\cpp_cw2016\debug\fontmanager.sbr
z:\cpp_cw2016\cpp_cw2016\debug\jpgimage.sbr
z:\cpp_cw2016\cpp_cw2016\debug\simpledemo.sbr
z:\cpp_cw2016\cpp_cw2016\debug\tilemanager.sbr
z:\cpp_cw2016\cpp_cw2016\debug\bouncingball.sbr
z:\cpp_cw2016\cpp_cw2016\debug\bouncingballmain.sbr
z:\cpp_cw2016\cpp_cw2016\debug\demo1main.sbr
z:\cpp_cw2016\cpp_cw2016\debug\demo2main.sbr
z:\cpp_cw2016\cpp_cw2016\debug\demo2object.sbr
z:\cpp_cw2016\cpp_cw2016\debug\demo2tilemanager.sbr
z:\cpp_cw2016\cpp_cw2016\debug\demo3main.sbr
z:\cpp_cw2016\cpp_cw2016\debug\demo3object.sbr
z:\cpp_cw2016\cpp_cw2016\debug\demo3objectfinished.sbr
z:\cpp_cw2016\cpp_cw2016\debug\demo3objectfinished.obj
z:\cpp_cw2016\cpp_cw2016\debug\demo3object.obj
z:\cpp_cw2016\cpp_cw2016\debug\demo3main.obj
z:\cpp_cw2016\cpp_cw2016\debug\demo2tilemanager.obj
z:\cpp_cw2016\cpp_cw2016\debug\demo2object.obj
z:\cpp_cw2016\cpp_cw2016\debug\demo2main.obj
z:\cpp_cw2016\cpp_cw2016\debug\demo1main.obj
z:\cpp_cw2016\cpp_cw2016\debug\bouncingballmain.obj
z:\cpp_cw2016\cpp_cw2016\debug\bouncingball.obj
z:\cpp_cw2016\cpp_cw2016\debug\tilemanager.obj
z:\cpp_cw2016\cpp_cw2016\debug\simpledemo.obj
z:\cpp_cw2016\cpp_cw2016\debug\jpgimage.obj
z:\cpp_cw2016\cpp_cw2016\debug\fontmanager.obj
z:\cpp_cw2016\cpp_cw2016\debug\displayableobject.obj
z:\cpp_cw2016\cpp_cw2016\debug\baseengine.obj
z:\cpp_cw2016\cpp_cw2016\debug\role.obj
z:\cpp_cw2016\cpp_cw2016\debug\psybd1engine.obj
z:\cpp_cw2016\cpp_cw2016\debug\demobobject.obj
z:\cpp_cw2016\cpp_cw2016\debug\demoamain.obj
z:\cpp_cw2016\cpp_cw2016\debug\demo3tilemanager.sbr
z:\cpp_cw2016\cpp_cw2016\debug\demo4main.sbr
z:\cpp_cw2016\cpp_cw2016\debug\demo4object.sbr
z:\cpp_cw2016\cpp_cw2016\debug\demo4tilemanager.sbr
z:\cpp_cw2016\cpp_cw2016\debug\demo4tilemanager.obj
z:\cpp_cw2016\cpp_cw2016\debug\demo4object.obj
z:\cpp_cw2016\cpp_cw2016\debug\demo4main.obj
z:\cpp_cw2016\cpp_cw2016\debug\demo3tilemanager.obj
z:\cpp_cw2016\cpp_cw2016\debug\
z:\cpp_cw2016\cpp_cw2016\debug\mainfunction.sbr
z:\cpp_cw2016\cpp_cw2016\debug\mainfunction.obj
z:\cpp_cw2016\cpp_cw2016\debug\courseworkbase.ilk
z:\cpp_cw2016\cpp_cw2016\debug\courseworkbase.exe
z:\cpp_cw2016\cpp_cw2016\src\map
z:\cpp_cw2016\cpp_cw2016\debug\courseworkbase.pdb
z:\cpp_cw2016\cpp_cw2016\/debug\courseworkbase.pdb
z:\cpp_cw2016\cpp_cw2016\/debug\courseworkbase.exe
z:\cpp_cw2016\cpp_cw2016\/debug\courseworkbase.bsc
z:\cpp_cw2016\cpp_cw2016\/debug\courseworkbase.ilk
z:\cpp_cw2016\cpp_cw2016\debug\courseworkbase.tlog\bscmake.command.1.tlog
z:\cpp_cw2016\cpp_cw2016\debug\courseworkbase.tlog\bscmake.read.1.tlog
z:\cpp_cw2016\cpp_cw2016\debug\courseworkbase.tlog\bscmake.write.1.tlog
z:\cpp_cw2016\cpp_cw2016\debug\courseworkbase.tlog\cl.command.1.tlog
z:\cpp_cw2016\cpp_cw2016\debug\courseworkbase.tlog\cl.read.1.tlog
z:\cpp_cw2016\cpp_cw2016\debug\courseworkbase.tlog\cl.write.1.tlog
z:\cpp_cw2016\cpp_cw2016\debug\courseworkbase.tlog\link.command.1.tlog
z:\cpp_cw2016\cpp_cw2016\debug\courseworkbase.tlog\link.read.1.tlog
z:\cpp_cw2016\cpp_cw2016\debug\courseworkbase.tlog\link.write.1.tlog
